<?xml version="1.0" encoding="UTF-8"?>
<!-- Generated by org.testng.reporters.JUnitReportReporter -->
<testsuite hostname="EC2AMAZ-2E4JU7F" failures="0" tests="12" name="com.thed.zapi.cloud.sample.SeleniumAmazonTest5" time="518.857" errors="1" timestamp="12 Feb 2020 17:21:37 GMT" skipped="11">
  <testcase classname="com.thed.zapi.cloud.sample.SeleniumAmazonTest5" name="SeleniumAmazonUserTest" time="37.122">
    <skipped/>
  </testcase> <!-- SeleniumAmazonUserTest -->
  <testcase classname="com.thed.zapi.cloud.sample.SeleniumAmazonTest5" name="SeleniumAmazonUserTest" time="37.209">
    <skipped/>
  </testcase> <!-- SeleniumAmazonUserTest -->
  <testcase classname="com.thed.zapi.cloud.sample.SeleniumAmazonTest5" name="SeleniumAmazonUserTest" time="53.199">
    <skipped/>
  </testcase> <!-- SeleniumAmazonUserTest -->
  <testcase classname="com.thed.zapi.cloud.sample.SeleniumAmazonTest5" name="SeleniumAmazonUserTest" time="47.374">
    <skipped/>
  </testcase> <!-- SeleniumAmazonUserTest -->
  <testcase classname="com.thed.zapi.cloud.sample.SeleniumAmazonTest5" name="SeleniumAmazonUserTest" time="30.362">
    <skipped/>
  </testcase> <!-- SeleniumAmazonUserTest -->
  <testcase classname="com.thed.zapi.cloud.sample.SeleniumAmazonTest5" name="SeleniumAmazonUserTest" time="27.504">
    <error type="java.lang.NullPointerException">
      <![CDATA[java.lang.NullPointerException
at com.thed.zapi.cloud.sample.SeleniumAmazonTest5.seleniumUI(SeleniumAmazonTest5.java:208)
at com.thed.zapi.cloud.sample.SeleniumAmazonTest5.SeleniumAmazonUserTest(SeleniumAmazonTest5.java:53)
at java.base/jdk.internal.reflect.NativeMethodAccessorImpl.invoke0(Native Method)
at java.base/jdk.internal.reflect.NativeMethodAccessorImpl.invoke(NativeMethodAccessorImpl.java:62)
at java.base/jdk.internal.reflect.DelegatingMethodAccessorImpl.invoke(DelegatingMethodAccessorImpl.java:43)
at java.base/java.lang.reflect.Method.invoke(Method.java:567)
at org.testng.internal.MethodInvocationHelper.invokeMethod(MethodInvocationHelper.java:124)
at org.testng.internal.Invoker.invokeMethod(Invoker.java:580)
at org.testng.internal.Invoker.retryFailed(Invoker.java:838)
at org.testng.internal.Invoker.invokeTestMethods(Invoker.java:1009)
at org.testng.internal.TestMethodWorker.invokeTestMethods(TestMethodWorker.java:125)
at org.testng.internal.TestMethodWorker.run(TestMethodWorker.java:109)
at org.testng.TestRunner.privateRun(TestRunner.java:648)
at org.testng.TestRunner.run(TestRunner.java:505)
at org.testng.SuiteRunner.runTest(SuiteRunner.java:455)
at org.testng.SuiteRunner.access$000(SuiteRunner.java:40)
at org.testng.SuiteRunner$SuiteWorker.run(SuiteRunner.java:489)
at org.testng.internal.thread.ThreadUtil$1.call(ThreadUtil.java:52)
at java.base/java.util.concurrent.FutureTask.run(FutureTask.java:264)
at java.base/java.util.concurrent.ThreadPoolExecutor.runWorker(ThreadPoolExecutor.java:1128)
at java.base/java.util.concurrent.ThreadPoolExecutor$Worker.run(ThreadPoolExecutor.java:628)
at java.base/java.lang.Thread.run(Thread.java:830)
]]>
    </error>
  </testcase> <!-- SeleniumAmazonUserTest -->
  <testcase classname="com.thed.zapi.cloud.sample.SeleniumAmazonTest5" name="SeleniumAmazonUserTest" time="30.738">
    <skipped/>
  </testcase> <!-- SeleniumAmazonUserTest -->
  <testcase classname="com.thed.zapi.cloud.sample.SeleniumAmazonTest5" name="SeleniumAmazonUserTest" time="29.833">
    <skipped/>
  </testcase> <!-- SeleniumAmazonUserTest -->
  <testcase classname="com.thed.zapi.cloud.sample.SeleniumAmazonTest5" name="SeleniumAmazonUserTest" time="69.095">
    <skipped/>
  </testcase> <!-- SeleniumAmazonUserTest -->
  <testcase classname="com.thed.zapi.cloud.sample.SeleniumAmazonTest5" name="SeleniumAmazonUserTest" time="45.231">
    <skipped/>
  </testcase> <!-- SeleniumAmazonUserTest -->
  <testcase classname="com.thed.zapi.cloud.sample.SeleniumAmazonTest5" name="SeleniumAmazonUserTest" time="28.909">
    <skipped/>
  </testcase> <!-- SeleniumAmazonUserTest -->
  <testcase classname="com.thed.zapi.cloud.sample.SeleniumAmazonTest5" name="SeleniumAmazonUserTest" time="82.281">
    <skipped/>
  </testcase> <!-- SeleniumAmazonUserTest -->
</testsuite> <!-- com.thed.zapi.cloud.sample.SeleniumAmazonTest5 -->
