<?xml version="1.0" encoding="UTF-8"?>
<!-- Generated by org.testng.reporters.JUnitReportReporter -->
<testsuite hostname="EC2AMAZ-2E4JU7F" failures="0" tests="13" name="com.thed.zapi.cloud.sample.SeleniumAmazonTest3" time="1020.009" errors="1" timestamp="12 Feb 2020 17:21:37 GMT" skipped="11">
  <testcase classname="com.thed.zapi.cloud.sample.SeleniumAmazonTest3" name="SeleniumAmazonUserTest" time="26.868">
    <error type="java.lang.NullPointerException">
      <![CDATA[java.lang.NullPointerException
at com.thed.zapi.cloud.sample.SeleniumAmazonTest3.seleniumUI(SeleniumAmazonTest3.java:208)
at com.thed.zapi.cloud.sample.SeleniumAmazonTest3.SeleniumAmazonUserTest(SeleniumAmazonTest3.java:53)
at java.base/jdk.internal.reflect.NativeMethodAccessorImpl.invoke0(Native Method)
at java.base/jdk.internal.reflect.NativeMethodAccessorImpl.invoke(NativeMethodAccessorImpl.java:62)
at java.base/jdk.internal.reflect.DelegatingMethodAccessorImpl.invoke(DelegatingMethodAccessorImpl.java:43)
at java.base/java.lang.reflect.Method.invoke(Method.java:567)
at org.testng.internal.MethodInvocationHelper.invokeMethod(MethodInvocationHelper.java:124)
at org.testng.internal.Invoker.invokeMethod(Invoker.java:580)
at org.testng.internal.Invoker.retryFailed(Invoker.java:838)
at org.testng.internal.Invoker.invokeTestMethods(Invoker.java:1009)
at org.testng.internal.TestMethodWorker.invokeTestMethods(TestMethodWorker.java:125)
at org.testng.internal.TestMethodWorker.run(TestMethodWorker.java:109)
at org.testng.TestRunner.privateRun(TestRunner.java:648)
at org.testng.TestRunner.run(TestRunner.java:505)
at org.testng.SuiteRunner.runTest(SuiteRunner.java:455)
at org.testng.SuiteRunner.access$000(SuiteRunner.java:40)
at org.testng.SuiteRunner$SuiteWorker.run(SuiteRunner.java:489)
at org.testng.internal.thread.ThreadUtil$1.call(ThreadUtil.java:52)
at java.base/java.util.concurrent.FutureTask.run(FutureTask.java:264)
at java.base/java.util.concurrent.ThreadPoolExecutor.runWorker(ThreadPoolExecutor.java:1128)
at java.base/java.util.concurrent.ThreadPoolExecutor$Worker.run(ThreadPoolExecutor.java:628)
at java.base/java.lang.Thread.run(Thread.java:830)
]]>
    </error>
  </testcase> <!-- SeleniumAmazonUserTest -->
  <testcase classname="com.thed.zapi.cloud.sample.SeleniumAmazonTest3" name="SeleniumAmazonUserTest" time="27.522">
    <skipped/>
  </testcase> <!-- SeleniumAmazonUserTest -->
  <testcase classname="com.thed.zapi.cloud.sample.SeleniumAmazonTest3" name="SeleniumAmazonUserTest" time="110.225">
    <skipped/>
  </testcase> <!-- SeleniumAmazonUserTest -->
  <testcase classname="com.thed.zapi.cloud.sample.SeleniumAmazonTest3" name="SeleniumAmazonUserTest" time="35.369">
    <skipped/>
  </testcase> <!-- SeleniumAmazonUserTest -->
  <testcase classname="com.thed.zapi.cloud.sample.SeleniumAmazonTest3" name="SeleniumAmazonUserTest" time="31.317">
    <skipped/>
  </testcase> <!-- SeleniumAmazonUserTest -->
  <testcase classname="com.thed.zapi.cloud.sample.SeleniumAmazonTest3" name="SeleniumAmazonUserTest" time="37.213">
    <skipped/>
  </testcase> <!-- SeleniumAmazonUserTest -->
  <testcase classname="com.thed.zapi.cloud.sample.SeleniumAmazonTest3" name="SeleniumAmazonUserTest" time="220.576">
    <skipped/>
  </testcase> <!-- SeleniumAmazonUserTest -->
  <testcase classname="com.thed.zapi.cloud.sample.SeleniumAmazonTest3" name="SeleniumAmazonUserTest" time="29.955">
    <skipped/>
  </testcase> <!-- SeleniumAmazonUserTest -->
  <testcase classname="com.thed.zapi.cloud.sample.SeleniumAmazonTest3" name="SeleniumAmazonUserTest" time="37.700">
    <skipped/>
  </testcase> <!-- SeleniumAmazonUserTest -->
  <testcase classname="com.thed.zapi.cloud.sample.SeleniumAmazonTest3" name="SeleniumAmazonUserTest" time="220.922">
    <skipped/>
  </testcase> <!-- SeleniumAmazonUserTest -->
  <testcase classname="com.thed.zapi.cloud.sample.SeleniumAmazonTest3" name="SeleniumAmazonUserTest" time="56.351"/>
  <testcase classname="com.thed.zapi.cloud.sample.SeleniumAmazonTest3" name="SeleniumAmazonUserTest" time="70.168">
    <skipped/>
  </testcase> <!-- SeleniumAmazonUserTest -->
  <testcase classname="com.thed.zapi.cloud.sample.SeleniumAmazonTest3" name="SeleniumAmazonUserTest" time="115.823">
    <skipped/>
  </testcase> <!-- SeleniumAmazonUserTest -->
</testsuite> <!-- com.thed.zapi.cloud.sample.SeleniumAmazonTest3 -->
