<?xml version="1.0" encoding="UTF-8"?>
<!-- Generated by org.testng.reporters.JUnitReportReporter -->
<testsuite hostname="EC2AMAZ-2E4JU7F" failures="0" tests="5" name="com.thed.zapi.cloud.sample.SeleniumAmazonTest6" time="7467.296" errors="0" timestamp="12 Feb 2020 11:20:22 GMT" skipped="4">
  <testcase classname="com.thed.zapi.cloud.sample.SeleniumAmazonTest6" name="SeleniumAmazonUserTest" time="96.851">
    <skipped/>
  </testcase> <!-- SeleniumAmazonUserTest -->
  <testcase classname="com.thed.zapi.cloud.sample.SeleniumAmazonTest6" name="SeleniumAmazonUserTest" time="36.313">
    <skipped/>
  </testcase> <!-- SeleniumAmazonUserTest -->
  <testcase classname="com.thed.zapi.cloud.sample.SeleniumAmazonTest6" name="SeleniumAmazonUserTest" time="5629.673"/>
  <testcase classname="com.thed.zapi.cloud.sample.SeleniumAmazonTest6" name="SeleniumAmazonUserTest" time="128.699">
    <skipped/>
  </testcase> <!-- SeleniumAmazonUserTest -->
  <testcase classname="com.thed.zapi.cloud.sample.SeleniumAmazonTest6" name="SeleniumAmazonUserTest" time="1575.760">
    <skipped/>
  </testcase> <!-- SeleniumAmazonUserTest -->
</testsuite> <!-- com.thed.zapi.cloud.sample.SeleniumAmazonTest6 -->
